{"/home/jacko7557/projects/401/data-stuctures-and-algorithms-401/code-challenge-07/linkedList-kth.js": {"path":"/home/jacko7557/projects/401/data-stuctures-and-algorithms-401/code-challenge-07/linkedList-kth.js","statementMap":{"0":{"start":{"line":5,"column":4},"end":{"line":5,"column":23}},"1":{"start":{"line":6,"column":4},"end":{"line":6,"column":21}},"2":{"start":{"line":12,"column":4},"end":{"line":12,"column":21}},"3":{"start":{"line":16,"column":20},"end":{"line":16,"column":29}},"4":{"start":{"line":17,"column":18},"end":{"line":17,"column":33}},"5":{"start":{"line":18,"column":4},"end":{"line":18,"column":24}},"6":{"start":{"line":19,"column":4},"end":{"line":19,"column":31}},"7":{"start":{"line":23,"column":18},"end":{"line":23,"column":23}},"8":{"start":{"line":24,"column":18},"end":{"line":24,"column":27}},"9":{"start":{"line":25,"column":4},"end":{"line":30,"column":5}},"10":{"start":{"line":26,"column":6},"end":{"line":28,"column":7}},"11":{"start":{"line":27,"column":8},"end":{"line":27,"column":23}},"12":{"start":{"line":29,"column":6},"end":{"line":29,"column":29}},"13":{"start":{"line":31,"column":4},"end":{"line":31,"column":19}},"14":{"start":{"line":36,"column":18},"end":{"line":36,"column":27}},"15":{"start":{"line":37,"column":4},"end":{"line":39,"column":5}},"16":{"start":{"line":38,"column":6},"end":{"line":38,"column":29}},"17":{"start":{"line":40,"column":4},"end":{"line":40,"column":35}},"18":{"start":{"line":41,"column":4},"end":{"line":41,"column":57}},"19":{"start":{"line":46,"column":15},"end":{"line":46,"column":30}},"20":{"start":{"line":47,"column":4},"end":{"line":61,"column":5}},"21":{"start":{"line":48,"column":17},"end":{"line":48,"column":26}},"22":{"start":{"line":49,"column":6},"end":{"line":49,"column":23}},"23":{"start":{"line":50,"column":6},"end":{"line":50,"column":23}},"24":{"start":{"line":53,"column":14},"end":{"line":53,"column":23}},"25":{"start":{"line":54,"column":14},"end":{"line":54,"column":20}},"26":{"start":{"line":55,"column":6},"end":{"line":58,"column":7}},"27":{"start":{"line":56,"column":8},"end":{"line":56,"column":19}},"28":{"start":{"line":57,"column":8},"end":{"line":57,"column":19}},"29":{"start":{"line":59,"column":6},"end":{"line":59,"column":20}},"30":{"start":{"line":60,"column":6},"end":{"line":60,"column":20}},"31":{"start":{"line":65,"column":18},"end":{"line":65,"column":27}},"32":{"start":{"line":66,"column":4},"end":{"line":68,"column":5}},"33":{"start":{"line":67,"column":6},"end":{"line":67,"column":29}},"34":{"start":{"line":69,"column":15},"end":{"line":69,"column":27}},"35":{"start":{"line":70,"column":4},"end":{"line":70,"column":35}},"36":{"start":{"line":71,"column":4},"end":{"line":71,"column":29}},"37":{"start":{"line":75,"column":4},"end":{"line":77,"column":5}},"38":{"start":{"line":76,"column":6},"end":{"line":76,"column":45}},"39":{"start":{"line":78,"column":18},"end":{"line":78,"column":27}},"40":{"start":{"line":79,"column":14},"end":{"line":79,"column":16}},"41":{"start":{"line":80,"column":4},"end":{"line":83,"column":5}},"42":{"start":{"line":81,"column":6},"end":{"line":81,"column":30}},"43":{"start":{"line":82,"column":6},"end":{"line":82,"column":29}},"44":{"start":{"line":84,"column":4},"end":{"line":86,"column":5}},"45":{"start":{"line":85,"column":6},"end":{"line":85,"column":110}},"46":{"start":{"line":87,"column":15},"end":{"line":87,"column":33}},"47":{"start":{"line":88,"column":4},"end":{"line":88,"column":29}},"48":{"start":{"line":96,"column":16},"end":{"line":96,"column":40}},"49":{"start":{"line":97,"column":18},"end":{"line":97,"column":32}},"50":{"start":{"line":98,"column":4},"end":{"line":101,"column":5}},"51":{"start":{"line":99,"column":6},"end":{"line":99,"column":42}},"52":{"start":{"line":100,"column":6},"end":{"line":100,"column":29}},"53":{"start":{"line":102,"column":4},"end":{"line":102,"column":17}},"54":{"start":{"line":106,"column":0},"end":{"line":106,"column":28}}},"fnMap":{"0":{"name":"(anonymous_0)","decl":{"start":{"line":4,"column":2},"end":{"line":4,"column":3}},"loc":{"start":{"line":4,"column":21},"end":{"line":7,"column":3}},"line":4},"1":{"name":"(anonymous_1)","decl":{"start":{"line":11,"column":2},"end":{"line":11,"column":3}},"loc":{"start":{"line":11,"column":16},"end":{"line":13,"column":3}},"line":11},"2":{"name":"(anonymous_2)","decl":{"start":{"line":15,"column":2},"end":{"line":15,"column":3}},"loc":{"start":{"line":15,"column":16},"end":{"line":20,"column":3}},"line":15},"3":{"name":"(anonymous_3)","decl":{"start":{"line":22,"column":2},"end":{"line":22,"column":3}},"loc":{"start":{"line":22,"column":18},"end":{"line":32,"column":3}},"line":22},"4":{"name":"(anonymous_4)","decl":{"start":{"line":35,"column":2},"end":{"line":35,"column":3}},"loc":{"start":{"line":35,"column":16},"end":{"line":42,"column":3}},"line":35},"5":{"name":"(anonymous_5)","decl":{"start":{"line":45,"column":2},"end":{"line":45,"column":3}},"loc":{"start":{"line":45,"column":27},"end":{"line":62,"column":3}},"line":45},"6":{"name":"(anonymous_6)","decl":{"start":{"line":64,"column":2},"end":{"line":64,"column":3}},"loc":{"start":{"line":64,"column":26},"end":{"line":72,"column":3}},"line":64},"7":{"name":"(anonymous_7)","decl":{"start":{"line":74,"column":2},"end":{"line":74,"column":3}},"loc":{"start":{"line":74,"column":15},"end":{"line":89,"column":3}},"line":74},"8":{"name":"(anonymous_8)","decl":{"start":{"line":95,"column":2},"end":{"line":95,"column":3}},"loc":{"start":{"line":95,"column":13},"end":{"line":103,"column":3}},"line":95}},"branchMap":{"0":{"loc":{"start":{"line":26,"column":6},"end":{"line":28,"column":7}},"type":"if","locations":[{"start":{"line":26,"column":6},"end":{"line":28,"column":7}},{"start":{},"end":{}}],"line":26},"1":{"loc":{"start":{"line":47,"column":4},"end":{"line":61,"column":5}},"type":"if","locations":[{"start":{"line":47,"column":4},"end":{"line":61,"column":5}},{"start":{"line":52,"column":9},"end":{"line":61,"column":5}}],"line":47},"2":{"loc":{"start":{"line":75,"column":4},"end":{"line":77,"column":5}},"type":"if","locations":[{"start":{"line":75,"column":4},"end":{"line":77,"column":5}},{"start":{},"end":{}}],"line":75},"3":{"loc":{"start":{"line":84,"column":4},"end":{"line":86,"column":5}},"type":"if","locations":[{"start":{"line":84,"column":4},"end":{"line":86,"column":5}},{"start":{},"end":{}}],"line":84}},"s":{"0":14,"1":14,"2":5,"3":5,"4":5,"5":5,"6":5,"7":0,"8":0,"9":0,"10":0,"11":0,"12":0,"13":0,"14":9,"15":9,"16":12,"17":9,"18":9,"19":0,"20":0,"21":0,"22":0,"23":0,"24":0,"25":0,"26":0,"27":0,"28":0,"29":0,"30":0,"31":0,"32":0,"33":0,"34":0,"35":0,"36":0,"37":5,"38":1,"39":4,"40":4,"41":4,"42":13,"43":13,"44":4,"45":3,"46":1,"47":1,"48":0,"49":0,"50":0,"51":0,"52":0,"53":0,"54":1},"f":{"0":14,"1":5,"2":5,"3":0,"4":9,"5":0,"6":0,"7":5,"8":0},"b":{"0":[0,0],"1":[0,0],"2":[1,4],"3":[3,1]},"_coverageSchema":"1a1c01bbd47fc00a2c39e90264f33305004495a9","hash":"a8d28fff4c088faafbe823ad231fce4eacb9620e"}
}
