TN:
SF:linkedList-kth.js
FN:4,(anonymous_0)
FN:11,(anonymous_1)
FN:15,(anonymous_2)
FN:22,(anonymous_3)
FN:35,(anonymous_4)
FN:45,(anonymous_5)
FN:64,(anonymous_6)
FN:74,(anonymous_7)
FN:95,(anonymous_8)
FNF:9
FNH:5
FNDA:14,(anonymous_0)
FNDA:5,(anonymous_1)
FNDA:5,(anonymous_2)
FNDA:0,(anonymous_3)
FNDA:9,(anonymous_4)
FNDA:0,(anonymous_5)
FNDA:0,(anonymous_6)
FNDA:5,(anonymous_7)
FNDA:0,(anonymous_8)
DA:5,14
DA:6,14
DA:12,5
DA:16,5
DA:17,5
DA:18,5
DA:19,5
DA:23,0
DA:24,0
DA:25,0
DA:26,0
DA:27,0
DA:29,0
DA:31,0
DA:36,9
DA:37,9
DA:38,12
DA:40,9
DA:41,9
DA:46,0
DA:47,0
DA:48,0
DA:49,0
DA:50,0
DA:53,0
DA:54,0
DA:55,0
DA:56,0
DA:57,0
DA:59,0
DA:60,0
DA:65,0
DA:66,0
DA:67,0
DA:69,0
DA:70,0
DA:71,0
DA:75,5
DA:76,1
DA:78,4
DA:79,4
DA:80,4
DA:81,13
DA:82,13
DA:84,4
DA:85,3
DA:87,1
DA:88,1
DA:96,0
DA:97,0
DA:98,0
DA:99,0
DA:100,0
DA:102,0
DA:106,1
LF:55
LH:24
BRDA:26,0,0,0
BRDA:26,0,1,0
BRDA:47,1,0,0
BRDA:47,1,1,0
BRDA:75,2,0,1
BRDA:75,2,1,4
BRDA:84,3,0,3
BRDA:84,3,1,1
BRF:8
BRH:4
end_of_record
