TN:
SF:linkedlists.js
FN:4,(anonymous_0)
FN:11,(anonymous_1)
FN:15,(anonymous_2)
FN:23,(anonymous_3)
FN:31,(anonymous_4)
FN:42,zip
FNF:6
FNH:1
FNDA:11,(anonymous_0)
FNDA:0,(anonymous_1)
FNDA:0,(anonymous_2)
FNDA:0,(anonymous_3)
FNDA:0,(anonymous_4)
FNDA:0,zip
DA:5,11
DA:6,11
DA:12,0
DA:16,0
DA:17,0
DA:18,0
DA:19,0
DA:24,0
DA:25,0
DA:26,0
DA:28,0
DA:32,0
DA:33,0
DA:34,0
DA:35,0
DA:36,0
DA:38,0
DA:43,0
DA:44,0
DA:52,0
DA:53,0
DA:54,0
DA:55,0
DA:56,0
DA:57,0
DA:58,0
DA:59,0
DA:60,0
DA:61,0
DA:63,0
DA:64,0
DA:65,0
DA:68,0
DA:71,0
DA:75,1
LF:35
LH:3
BRDA:52,0,0,0
BRDA:52,0,1,0
BRDA:52,1,0,0
BRDA:52,1,1,0
BRDA:58,2,0,0
BRDA:58,2,1,0
BRDA:59,3,0,0
BRDA:59,3,1,0
BRDA:63,4,0,0
BRDA:63,4,1,0
BRF:10
BRH:0
end_of_record
TN:
SF:queue.js
FN:7,(anonymous_0)
FN:15,(anonymous_1)
FN:30,(anonymous_2)
FN:42,(anonymous_3)
FN:51,(anonymous_4)
FNF:5
FNH:5
FNDA:6,(anonymous_0)
FNDA:11,(anonymous_1)
FNDA:1,(anonymous_2)
FNDA:1,(anonymous_3)
FNDA:15,(anonymous_4)
DA:4,1
DA:8,6
DA:9,6
DA:16,11
DA:17,11
DA:18,5
DA:19,5
DA:21,6
DA:22,6
DA:31,1
DA:32,0
DA:34,1
DA:35,1
DA:36,1
DA:43,1
DA:44,0
DA:46,1
DA:52,15
DA:53,9
DA:55,6
DA:61,1
LF:21
LH:19
BRDA:17,0,0,5
BRDA:17,0,1,6
BRDA:31,1,0,0
BRDA:31,1,1,1
BRDA:43,2,0,0
BRDA:43,2,1,1
BRDA:52,3,0,9
BRDA:52,3,1,6
BRF:8
BRH:6
end_of_record
