<?xml version="1.0" encoding="UTF-8"?>
<coverage generated="1664404421649" clover="3.2.0">
  <project timestamp="1664404421649" name="All files">
    <metrics statements="35" coveredstatements="35" conditionals="10" coveredconditionals="9" methods="6" coveredmethods="6" elements="51" coveredelements="50" complexity="0" loc="35" ncloc="35" packages="1" files="1" classes="1"/>
    <file name="linkedList-zip.js" path="/home/jacko7557/projects/401/data-stuctures-and-algorithms-401/code-challenge-08/linkedList-zip.js">
      <metrics statements="35" coveredstatements="35" conditionals="10" coveredconditionals="9" methods="6" coveredmethods="6"/>
      <line num="5" count="29" type="stmt"/>
      <line num="6" count="29" type="stmt"/>
      <line num="12" count="11" type="stmt"/>
      <line num="16" count="10" type="stmt"/>
      <line num="17" count="10" type="stmt"/>
      <line num="18" count="10" type="stmt"/>
      <line num="19" count="10" type="stmt"/>
      <line num="24" count="19" type="stmt"/>
      <line num="25" count="19" type="stmt"/>
      <line num="26" count="20" type="stmt"/>
      <line num="28" count="19" type="stmt"/>
      <line num="32" count="3" type="stmt"/>
      <line num="33" count="3" type="stmt"/>
      <line num="34" count="3" type="stmt"/>
      <line num="35" count="11" type="stmt"/>
      <line num="36" count="11" type="stmt"/>
      <line num="38" count="3" type="stmt"/>
      <line num="43" count="4" type="stmt"/>
      <line num="44" count="4" type="stmt"/>
      <line num="52" count="4" type="cond" truecount="4" falsecount="0"/>
      <line num="53" count="3" type="stmt"/>
      <line num="54" count="3" type="stmt"/>
      <line num="55" count="3" type="stmt"/>
      <line num="56" count="3" type="stmt"/>
      <line num="57" count="3" type="stmt"/>
      <line num="58" count="3" type="cond" truecount="2" falsecount="0"/>
      <line num="59" count="6" type="cond" truecount="2" falsecount="0"/>
      <line num="60" count="2" type="stmt"/>
      <line num="61" count="2" type="stmt"/>
      <line num="63" count="6" type="cond" truecount="1" falsecount="1"/>
      <line num="64" count="6" type="stmt"/>
      <line num="65" count="6" type="stmt"/>
      <line num="68" count="3" type="stmt"/>
      <line num="71" count="1" type="stmt"/>
      <line num="75" count="1" type="stmt"/>
    </file>
  </project>
</coverage>
