TN:
SF:linkedList-zip.js
FN:4,(anonymous_0)
FN:11,(anonymous_1)
FN:15,(anonymous_2)
FN:23,(anonymous_3)
FN:31,(anonymous_4)
FN:42,zip
FNF:6
FNH:6
FNDA:29,(anonymous_0)
FNDA:11,(anonymous_1)
FNDA:10,(anonymous_2)
FNDA:19,(anonymous_3)
FNDA:3,(anonymous_4)
FNDA:4,zip
DA:5,29
DA:6,29
DA:12,11
DA:16,10
DA:17,10
DA:18,10
DA:19,10
DA:24,19
DA:25,19
DA:26,20
DA:28,19
DA:32,3
DA:33,3
DA:34,3
DA:35,11
DA:36,11
DA:38,3
DA:43,4
DA:44,4
DA:52,4
DA:53,3
DA:54,3
DA:55,3
DA:56,3
DA:57,3
DA:58,3
DA:59,6
DA:60,2
DA:61,2
DA:63,6
DA:64,6
DA:65,6
DA:68,3
DA:71,1
DA:75,1
LF:35
LH:35
BRDA:52,0,0,3
BRDA:52,0,1,1
BRDA:52,1,0,4
BRDA:52,1,1,3
BRDA:58,2,0,9
BRDA:58,2,1,7
BRDA:59,3,0,2
BRDA:59,3,1,4
BRDA:63,4,0,6
BRDA:63,4,1,0
BRF:10
BRH:9
end_of_record
