{"/home/jacko7557/projects/401/data-stuctures-and-algorithms-401/code-challenge-15/BST.js": {"path":"/home/jacko7557/projects/401/data-stuctures-and-algorithms-401/code-challenge-15/BST.js","statementMap":{"0":{"start":{"line":5,"column":4},"end":{"line":5,"column":23}},"1":{"start":{"line":6,"column":4},"end":{"line":6,"column":21}},"2":{"start":{"line":7,"column":4},"end":{"line":7,"column":22}},"3":{"start":{"line":13,"column":4},"end":{"line":13,"column":21}},"4":{"start":{"line":17,"column":4},"end":{"line":19,"column":5}},"5":{"start":{"line":18,"column":6},"end":{"line":18,"column":13}},"6":{"start":{"line":21,"column":4},"end":{"line":21,"column":31}},"7":{"start":{"line":23,"column":4},"end":{"line":23,"column":34}},"8":{"start":{"line":25,"column":4},"end":{"line":25,"column":35}},"9":{"start":{"line":29,"column":4},"end":{"line":31,"column":5}},"10":{"start":{"line":30,"column":6},"end":{"line":30,"column":13}},"11":{"start":{"line":33,"column":4},"end":{"line":33,"column":33}},"12":{"start":{"line":35,"column":4},"end":{"line":35,"column":31}},"13":{"start":{"line":37,"column":4},"end":{"line":37,"column":34}},"14":{"start":{"line":41,"column":4},"end":{"line":43,"column":5}},"15":{"start":{"line":42,"column":6},"end":{"line":42,"column":13}},"16":{"start":{"line":45,"column":4},"end":{"line":45,"column":36}},"17":{"start":{"line":47,"column":4},"end":{"line":47,"column":31}},"18":{"start":{"line":49,"column":4},"end":{"line":49,"column":35}},"19":{"start":{"line":57,"column":4},"end":{"line":57,"column":12}},"20":{"start":{"line":61,"column":20},"end":{"line":61,"column":35}},"21":{"start":{"line":62,"column":18},"end":{"line":62,"column":27}},"22":{"start":{"line":63,"column":4},"end":{"line":65,"column":5}},"23":{"start":{"line":64,"column":6},"end":{"line":64,"column":28}},"24":{"start":{"line":66,"column":4},"end":{"line":85,"column":5}},"25":{"start":{"line":67,"column":6},"end":{"line":84,"column":7}},"26":{"start":{"line":68,"column":8},"end":{"line":74,"column":9}},"27":{"start":{"line":69,"column":10},"end":{"line":69,"column":33}},"28":{"start":{"line":72,"column":10},"end":{"line":72,"column":35}},"29":{"start":{"line":73,"column":10},"end":{"line":73,"column":16}},"30":{"start":{"line":76,"column":11},"end":{"line":84,"column":7}},"31":{"start":{"line":77,"column":8},"end":{"line":83,"column":9}},"32":{"start":{"line":78,"column":10},"end":{"line":78,"column":34}},"33":{"start":{"line":81,"column":10},"end":{"line":81,"column":36}},"34":{"start":{"line":82,"column":10},"end":{"line":82,"column":16}},"35":{"start":{"line":89,"column":14},"end":{"line":89,"column":16}},"36":{"start":{"line":90,"column":4},"end":{"line":90,"column":33}},"37":{"start":{"line":91,"column":4},"end":{"line":93,"column":24}},"38":{"start":{"line":92,"column":6},"end":{"line":92,"column":18}},"39":{"start":{"line":93,"column":11},"end":{"line":93,"column":24}},"40":{"start":{"line":97,"column":11},"end":{"line":97,"column":34}},"41":{"start":{"line":98,"column":0},"end":{"line":98,"column":18}},"42":{"start":{"line":99,"column":0},"end":{"line":99,"column":12}},"43":{"start":{"line":100,"column":0},"end":{"line":100,"column":12}},"44":{"start":{"line":101,"column":0},"end":{"line":101,"column":12}},"45":{"start":{"line":102,"column":0},"end":{"line":102,"column":12}},"46":{"start":{"line":103,"column":0},"end":{"line":103,"column":18}},"47":{"start":{"line":105,"column":10},"end":{"line":105,"column":12}},"48":{"start":{"line":106,"column":0},"end":{"line":106,"column":30}},"49":{"start":{"line":107,"column":0},"end":{"line":107,"column":17}},"50":{"start":{"line":109,"column":17},"end":{"line":109,"column":19}},"51":{"start":{"line":110,"column":0},"end":{"line":110,"column":35}},"52":{"start":{"line":111,"column":0},"end":{"line":111,"column":24}},"53":{"start":{"line":113,"column":14},"end":{"line":113,"column":16}},"54":{"start":{"line":114,"column":0},"end":{"line":114,"column":33}},"55":{"start":{"line":115,"column":0},"end":{"line":115,"column":21}},"56":{"start":{"line":117,"column":0},"end":{"line":117,"column":34}}},"fnMap":{"0":{"name":"(anonymous_0)","decl":{"start":{"line":4,"column":2},"end":{"line":4,"column":3}},"loc":{"start":{"line":4,"column":21},"end":{"line":8,"column":3}},"line":4},"1":{"name":"(anonymous_1)","decl":{"start":{"line":12,"column":2},"end":{"line":12,"column":3}},"loc":{"start":{"line":12,"column":16},"end":{"line":14,"column":3}},"line":12},"2":{"name":"(anonymous_2)","decl":{"start":{"line":16,"column":2},"end":{"line":16,"column":3}},"loc":{"start":{"line":16,"column":22},"end":{"line":26,"column":3}},"line":16},"3":{"name":"(anonymous_3)","decl":{"start":{"line":28,"column":2},"end":{"line":28,"column":3}},"loc":{"start":{"line":28,"column":21},"end":{"line":38,"column":3}},"line":28},"4":{"name":"(anonymous_4)","decl":{"start":{"line":40,"column":2},"end":{"line":40,"column":3}},"loc":{"start":{"line":40,"column":23},"end":{"line":50,"column":3}},"line":40},"5":{"name":"(anonymous_5)","decl":{"start":{"line":56,"column":2},"end":{"line":56,"column":3}},"loc":{"start":{"line":56,"column":16},"end":{"line":58,"column":3}},"line":56},"6":{"name":"(anonymous_6)","decl":{"start":{"line":60,"column":2},"end":{"line":60,"column":3}},"loc":{"start":{"line":60,"column":13},"end":{"line":86,"column":3}},"line":60},"7":{"name":"(anonymous_7)","decl":{"start":{"line":88,"column":2},"end":{"line":88,"column":3}},"loc":{"start":{"line":88,"column":18},"end":{"line":94,"column":3}},"line":88}},"branchMap":{"0":{"loc":{"start":{"line":17,"column":4},"end":{"line":19,"column":5}},"type":"if","locations":[{"start":{"line":17,"column":4},"end":{"line":19,"column":5}},{"start":{},"end":{}}],"line":17},"1":{"loc":{"start":{"line":29,"column":4},"end":{"line":31,"column":5}},"type":"if","locations":[{"start":{"line":29,"column":4},"end":{"line":31,"column":5}},{"start":{},"end":{}}],"line":29},"2":{"loc":{"start":{"line":41,"column":4},"end":{"line":43,"column":5}},"type":"if","locations":[{"start":{"line":41,"column":4},"end":{"line":43,"column":5}},{"start":{},"end":{}}],"line":41},"3":{"loc":{"start":{"line":63,"column":4},"end":{"line":65,"column":5}},"type":"if","locations":[{"start":{"line":63,"column":4},"end":{"line":65,"column":5}},{"start":{},"end":{}}],"line":63},"4":{"loc":{"start":{"line":67,"column":6},"end":{"line":84,"column":7}},"type":"if","locations":[{"start":{"line":67,"column":6},"end":{"line":84,"column":7}},{"start":{"line":76,"column":11},"end":{"line":84,"column":7}}],"line":67},"5":{"loc":{"start":{"line":68,"column":8},"end":{"line":74,"column":9}},"type":"if","locations":[{"start":{"line":68,"column":8},"end":{"line":74,"column":9}},{"start":{"line":71,"column":13},"end":{"line":74,"column":9}}],"line":68},"6":{"loc":{"start":{"line":76,"column":11},"end":{"line":84,"column":7}},"type":"if","locations":[{"start":{"line":76,"column":11},"end":{"line":84,"column":7}},{"start":{},"end":{}}],"line":76},"7":{"loc":{"start":{"line":77,"column":8},"end":{"line":83,"column":9}},"type":"if","locations":[{"start":{"line":77,"column":8},"end":{"line":83,"column":9}},{"start":{"line":80,"column":13},"end":{"line":83,"column":9}}],"line":77},"8":{"loc":{"start":{"line":91,"column":4},"end":{"line":93,"column":24}},"type":"if","locations":[{"start":{"line":91,"column":4},"end":{"line":93,"column":24}},{"start":{"line":93,"column":11},"end":{"line":93,"column":24}}],"line":91}},"s":{"0":20,"1":20,"2":20,"3":8,"4":16,"5":9,"6":7,"7":7,"8":7,"9":39,"10":22,"11":17,"12":17,"13":17,"14":7,"15":4,"16":3,"17":3,"18":3,"19":8,"20":20,"21":20,"22":20,"23":7,"24":20,"25":14,"26":7,"27":0,"28":7,"29":7,"30":7,"31":7,"32":1,"33":6,"34":6,"35":2,"36":2,"37":2,"38":1,"39":1,"40":1,"41":1,"42":1,"43":1,"44":1,"45":1,"46":1,"47":1,"48":1,"49":1,"50":1,"51":1,"52":1,"53":1,"54":1,"55":1,"56":1},"f":{"0":20,"1":8,"2":16,"3":39,"4":7,"5":8,"6":20,"7":2},"b":{"0":[9,7],"1":[22,17],"2":[4,3],"3":[7,13],"4":[7,7],"5":[0,7],"6":[7,0],"7":[1,6],"8":[1,1]},"_coverageSchema":"1a1c01bbd47fc00a2c39e90264f33305004495a9","hash":"ce71053558554061114afa218b0958ef1fd385a3"}
}
