TN:
SF:BST.js
FN:4,(anonymous_0)
FN:12,(anonymous_1)
FN:16,(anonymous_2)
FN:28,(anonymous_3)
FN:40,(anonymous_4)
FN:56,(anonymous_5)
FN:60,(anonymous_6)
FN:88,(anonymous_7)
FNF:8
FNH:8
FNDA:20,(anonymous_0)
FNDA:8,(anonymous_1)
FNDA:16,(anonymous_2)
FNDA:39,(anonymous_3)
FNDA:7,(anonymous_4)
FNDA:8,(anonymous_5)
FNDA:20,(anonymous_6)
FNDA:2,(anonymous_7)
DA:5,20
DA:6,20
DA:7,20
DA:13,8
DA:17,16
DA:18,9
DA:21,7
DA:23,7
DA:25,7
DA:29,39
DA:30,22
DA:33,17
DA:35,17
DA:37,17
DA:41,7
DA:42,4
DA:45,3
DA:47,3
DA:49,3
DA:57,8
DA:61,20
DA:62,20
DA:63,20
DA:64,7
DA:66,20
DA:67,14
DA:68,7
DA:69,0
DA:72,7
DA:73,7
DA:76,7
DA:77,7
DA:78,1
DA:81,6
DA:82,6
DA:89,2
DA:90,2
DA:91,2
DA:92,1
DA:93,1
DA:97,1
DA:98,1
DA:99,1
DA:100,1
DA:101,1
DA:102,1
DA:103,1
DA:105,1
DA:106,1
DA:107,1
DA:109,1
DA:110,1
DA:111,1
DA:113,1
DA:114,1
DA:115,1
DA:117,1
LF:57
LH:56
BRDA:17,0,0,9
BRDA:17,0,1,7
BRDA:29,1,0,22
BRDA:29,1,1,17
BRDA:41,2,0,4
BRDA:41,2,1,3
BRDA:63,3,0,7
BRDA:63,3,1,13
BRDA:67,4,0,7
BRDA:67,4,1,7
BRDA:68,5,0,0
BRDA:68,5,1,7
BRDA:76,6,0,7
BRDA:76,6,1,0
BRDA:77,7,0,1
BRDA:77,7,1,6
BRDA:91,8,0,1
BRDA:91,8,1,1
BRF:18
BRH:16
end_of_record
