<?xml version="1.0" encoding="UTF-8"?>
<coverage generated="1664340346507" clover="3.2.0">
  <project timestamp="1664340346507" name="All files">
    <metrics statements="30" coveredstatements="26" conditionals="2" coveredconditionals="2" methods="6" coveredmethods="5" elements="38" coveredelements="33" complexity="0" loc="30" ncloc="30" packages="1" files="1" classes="1"/>
    <file name="linkedlist.js" path="/home/jacko7557/projects/401/data-stuctures-and-algorithms-401/code-challenge-05/linkedlist.js">
      <metrics statements="30" coveredstatements="26" conditionals="2" coveredconditionals="2" methods="6" coveredmethods="5"/>
      <line num="5" count="15" type="stmt"/>
      <line num="6" count="15" type="stmt"/>
      <line num="12" count="8" type="stmt"/>
      <line num="28" count="11" type="stmt"/>
      <line num="29" count="11" type="stmt"/>
      <line num="30" count="11" type="stmt"/>
      <line num="31" count="11" type="stmt"/>
      <line num="39" count="2" type="stmt"/>
      <line num="40" count="2" type="stmt"/>
      <line num="41" count="2" type="stmt"/>
      <line num="42" count="4" type="cond" truecount="2" falsecount="0"/>
      <line num="43" count="1" type="stmt"/>
      <line num="45" count="4" type="stmt"/>
      <line num="47" count="2" type="stmt"/>
      <line num="55" count="1" type="stmt"/>
      <line num="56" count="1" type="stmt"/>
      <line num="57" count="1" type="stmt"/>
      <line num="58" count="2" type="stmt"/>
      <line num="59" count="2" type="stmt"/>
      <line num="61" count="1" type="stmt"/>
      <line num="65" count="1" type="stmt"/>
      <line num="66" count="1" type="stmt"/>
      <line num="67" count="1" type="stmt"/>
      <line num="68" count="1" type="stmt"/>
      <line num="69" count="1" type="stmt"/>
      <line num="73" count="0" type="stmt"/>
      <line num="74" count="0" type="stmt"/>
      <line num="75" count="0" type="stmt"/>
      <line num="76" count="0" type="stmt"/>
      <line num="84" count="1" type="stmt"/>
    </file>
  </project>
</coverage>
