{"/home/jacko7557/projects/401/data-stuctures-and-algorithms-401/code-challenge-05/linkedlist.js": {"path":"/home/jacko7557/projects/401/data-stuctures-and-algorithms-401/code-challenge-05/linkedlist.js","statementMap":{"0":{"start":{"line":5,"column":4},"end":{"line":5,"column":23}},"1":{"start":{"line":6,"column":4},"end":{"line":6,"column":21}},"2":{"start":{"line":12,"column":4},"end":{"line":12,"column":21}},"3":{"start":{"line":28,"column":20},"end":{"line":28,"column":29}},"4":{"start":{"line":29,"column":18},"end":{"line":29,"column":33}},"5":{"start":{"line":30,"column":4},"end":{"line":30,"column":24}},"6":{"start":{"line":31,"column":4},"end":{"line":31,"column":31}},"7":{"start":{"line":39,"column":18},"end":{"line":39,"column":23}},"8":{"start":{"line":40,"column":18},"end":{"line":40,"column":27}},"9":{"start":{"line":41,"column":4},"end":{"line":46,"column":5}},"10":{"start":{"line":42,"column":6},"end":{"line":44,"column":7}},"11":{"start":{"line":43,"column":8},"end":{"line":43,"column":23}},"12":{"start":{"line":45,"column":6},"end":{"line":45,"column":29}},"13":{"start":{"line":47,"column":4},"end":{"line":47,"column":19}},"14":{"start":{"line":55,"column":16},"end":{"line":55,"column":18}},"15":{"start":{"line":56,"column":18},"end":{"line":56,"column":27}},"16":{"start":{"line":57,"column":4},"end":{"line":60,"column":5}},"17":{"start":{"line":58,"column":6},"end":{"line":58,"column":35}},"18":{"start":{"line":59,"column":6},"end":{"line":59,"column":30}},"19":{"start":{"line":61,"column":4},"end":{"line":61,"column":17}},"20":{"start":{"line":65,"column":17},"end":{"line":65,"column":33}},"21":{"start":{"line":66,"column":0},"end":{"line":66,"column":30}},"22":{"start":{"line":67,"column":0},"end":{"line":67,"column":35}},"23":{"start":{"line":68,"column":0},"end":{"line":68,"column":40}},"24":{"start":{"line":69,"column":0},"end":{"line":69,"column":45}},"25":{"start":{"line":73,"column":16},"end":{"line":73,"column":23}},"26":{"start":{"line":74,"column":2},"end":{"line":77,"column":3}},"27":{"start":{"line":75,"column":4},"end":{"line":75,"column":31}},"28":{"start":{"line":76,"column":4},"end":{"line":76,"column":27}},"29":{"start":{"line":84,"column":0},"end":{"line":84,"column":28}}},"fnMap":{"0":{"name":"(anonymous_0)","decl":{"start":{"line":4,"column":2},"end":{"line":4,"column":3}},"loc":{"start":{"line":4,"column":21},"end":{"line":7,"column":3}},"line":4},"1":{"name":"(anonymous_1)","decl":{"start":{"line":11,"column":2},"end":{"line":11,"column":3}},"loc":{"start":{"line":11,"column":16},"end":{"line":13,"column":3}},"line":11},"2":{"name":"(anonymous_2)","decl":{"start":{"line":27,"column":2},"end":{"line":27,"column":3}},"loc":{"start":{"line":27,"column":16},"end":{"line":32,"column":3}},"line":27},"3":{"name":"(anonymous_3)","decl":{"start":{"line":38,"column":2},"end":{"line":38,"column":3}},"loc":{"start":{"line":38,"column":18},"end":{"line":48,"column":3}},"line":38},"4":{"name":"(anonymous_4)","decl":{"start":{"line":54,"column":2},"end":{"line":54,"column":3}},"loc":{"start":{"line":54,"column":13},"end":{"line":62,"column":3}},"line":54},"5":{"name":"traverse","decl":{"start":{"line":72,"column":9},"end":{"line":72,"column":17}},"loc":{"start":{"line":72,"column":22},"end":{"line":78,"column":1}},"line":72}},"branchMap":{"0":{"loc":{"start":{"line":42,"column":6},"end":{"line":44,"column":7}},"type":"if","locations":[{"start":{"line":42,"column":6},"end":{"line":44,"column":7}},{"start":{},"end":{}}],"line":42}},"s":{"0":15,"1":15,"2":8,"3":11,"4":11,"5":11,"6":11,"7":2,"8":2,"9":2,"10":4,"11":1,"12":4,"13":2,"14":1,"15":1,"16":1,"17":2,"18":2,"19":1,"20":1,"21":1,"22":1,"23":1,"24":1,"25":0,"26":0,"27":0,"28":0,"29":1},"f":{"0":15,"1":8,"2":11,"3":2,"4":1,"5":0},"b":{"0":[1,3]},"_coverageSchema":"1a1c01bbd47fc00a2c39e90264f33305004495a9","hash":"525dd5cb8b5085c42609e913de537850f9ff4a30"}
}
