TN:
SF:linkedlist.js
FN:4,(anonymous_0)
FN:11,(anonymous_1)
FN:27,(anonymous_2)
FN:38,(anonymous_3)
FN:54,(anonymous_4)
FN:72,traverse
FNF:6
FNH:5
FNDA:15,(anonymous_0)
FNDA:8,(anonymous_1)
FNDA:11,(anonymous_2)
FNDA:2,(anonymous_3)
FNDA:1,(anonymous_4)
FNDA:0,traverse
DA:5,15
DA:6,15
DA:12,8
DA:28,11
DA:29,11
DA:30,11
DA:31,11
DA:39,2
DA:40,2
DA:41,2
DA:42,4
DA:43,1
DA:45,4
DA:47,2
DA:55,1
DA:56,1
DA:57,1
DA:58,2
DA:59,2
DA:61,1
DA:65,1
DA:66,1
DA:67,1
DA:68,1
DA:69,1
DA:73,0
DA:74,0
DA:75,0
DA:76,0
DA:84,1
LF:30
LH:26
BRDA:42,0,0,1
BRDA:42,0,1,3
BRF:2
BRH:2
end_of_record
