{"/home/jacko7557/projects/401/data-stuctures-and-algorithms-401/code-challenge-06/linkedList-insertions.js": {"path":"/home/jacko7557/projects/401/data-stuctures-and-algorithms-401/code-challenge-06/linkedList-insertions.js","statementMap":{"0":{"start":{"line":5,"column":4},"end":{"line":5,"column":23}},"1":{"start":{"line":6,"column":4},"end":{"line":6,"column":21}},"2":{"start":{"line":12,"column":4},"end":{"line":12,"column":21}},"3":{"start":{"line":28,"column":20},"end":{"line":28,"column":29}},"4":{"start":{"line":29,"column":18},"end":{"line":29,"column":33}},"5":{"start":{"line":30,"column":4},"end":{"line":30,"column":24}},"6":{"start":{"line":31,"column":4},"end":{"line":31,"column":31}},"7":{"start":{"line":39,"column":18},"end":{"line":39,"column":23}},"8":{"start":{"line":40,"column":18},"end":{"line":40,"column":27}},"9":{"start":{"line":41,"column":4},"end":{"line":46,"column":5}},"10":{"start":{"line":42,"column":6},"end":{"line":44,"column":7}},"11":{"start":{"line":43,"column":8},"end":{"line":43,"column":23}},"12":{"start":{"line":45,"column":6},"end":{"line":45,"column":29}},"13":{"start":{"line":47,"column":4},"end":{"line":47,"column":19}},"14":{"start":{"line":52,"column":18},"end":{"line":52,"column":27}},"15":{"start":{"line":53,"column":4},"end":{"line":55,"column":5}},"16":{"start":{"line":54,"column":6},"end":{"line":54,"column":29}},"17":{"start":{"line":56,"column":4},"end":{"line":56,"column":35}},"18":{"start":{"line":57,"column":4},"end":{"line":57,"column":57}},"19":{"start":{"line":62,"column":15},"end":{"line":62,"column":30}},"20":{"start":{"line":63,"column":4},"end":{"line":77,"column":5}},"21":{"start":{"line":64,"column":17},"end":{"line":64,"column":26}},"22":{"start":{"line":65,"column":6},"end":{"line":65,"column":23}},"23":{"start":{"line":66,"column":6},"end":{"line":66,"column":23}},"24":{"start":{"line":69,"column":14},"end":{"line":69,"column":23}},"25":{"start":{"line":70,"column":14},"end":{"line":70,"column":20}},"26":{"start":{"line":71,"column":6},"end":{"line":74,"column":7}},"27":{"start":{"line":72,"column":8},"end":{"line":72,"column":19}},"28":{"start":{"line":73,"column":8},"end":{"line":73,"column":19}},"29":{"start":{"line":75,"column":6},"end":{"line":75,"column":20}},"30":{"start":{"line":76,"column":6},"end":{"line":76,"column":20}},"31":{"start":{"line":81,"column":18},"end":{"line":81,"column":27}},"32":{"start":{"line":82,"column":4},"end":{"line":84,"column":5}},"33":{"start":{"line":83,"column":6},"end":{"line":83,"column":29}},"34":{"start":{"line":85,"column":15},"end":{"line":85,"column":27}},"35":{"start":{"line":86,"column":4},"end":{"line":86,"column":35}},"36":{"start":{"line":87,"column":4},"end":{"line":87,"column":29}},"37":{"start":{"line":96,"column":16},"end":{"line":96,"column":40}},"38":{"start":{"line":97,"column":18},"end":{"line":97,"column":32}},"39":{"start":{"line":98,"column":4},"end":{"line":101,"column":5}},"40":{"start":{"line":99,"column":6},"end":{"line":99,"column":42}},"41":{"start":{"line":100,"column":6},"end":{"line":100,"column":29}},"42":{"start":{"line":102,"column":4},"end":{"line":102,"column":17}},"43":{"start":{"line":106,"column":0},"end":{"line":106,"column":28}}},"fnMap":{"0":{"name":"(anonymous_0)","decl":{"start":{"line":4,"column":2},"end":{"line":4,"column":3}},"loc":{"start":{"line":4,"column":21},"end":{"line":7,"column":3}},"line":4},"1":{"name":"(anonymous_1)","decl":{"start":{"line":11,"column":2},"end":{"line":11,"column":3}},"loc":{"start":{"line":11,"column":16},"end":{"line":13,"column":3}},"line":11},"2":{"name":"(anonymous_2)","decl":{"start":{"line":27,"column":2},"end":{"line":27,"column":3}},"loc":{"start":{"line":27,"column":16},"end":{"line":32,"column":3}},"line":27},"3":{"name":"(anonymous_3)","decl":{"start":{"line":38,"column":2},"end":{"line":38,"column":3}},"loc":{"start":{"line":38,"column":18},"end":{"line":48,"column":3}},"line":38},"4":{"name":"(anonymous_4)","decl":{"start":{"line":51,"column":2},"end":{"line":51,"column":3}},"loc":{"start":{"line":51,"column":16},"end":{"line":58,"column":3}},"line":51},"5":{"name":"(anonymous_5)","decl":{"start":{"line":61,"column":2},"end":{"line":61,"column":3}},"loc":{"start":{"line":61,"column":27},"end":{"line":78,"column":3}},"line":61},"6":{"name":"(anonymous_6)","decl":{"start":{"line":80,"column":2},"end":{"line":80,"column":3}},"loc":{"start":{"line":80,"column":26},"end":{"line":88,"column":3}},"line":80},"7":{"name":"(anonymous_7)","decl":{"start":{"line":95,"column":2},"end":{"line":95,"column":3}},"loc":{"start":{"line":95,"column":13},"end":{"line":103,"column":3}},"line":95}},"branchMap":{"0":{"loc":{"start":{"line":42,"column":6},"end":{"line":44,"column":7}},"type":"if","locations":[{"start":{"line":42,"column":6},"end":{"line":44,"column":7}},{"start":{},"end":{}}],"line":42},"1":{"loc":{"start":{"line":63,"column":4},"end":{"line":77,"column":5}},"type":"if","locations":[{"start":{"line":63,"column":4},"end":{"line":77,"column":5}},{"start":{"line":68,"column":9},"end":{"line":77,"column":5}}],"line":63}},"s":{"0":21,"1":21,"2":6,"3":8,"4":8,"5":8,"6":8,"7":0,"8":0,"9":0,"10":0,"11":0,"12":0,"13":0,"14":9,"15":9,"16":8,"17":9,"18":9,"19":2,"20":2,"21":1,"22":1,"23":1,"24":1,"25":1,"26":1,"27":0,"28":0,"29":1,"30":1,"31":2,"32":2,"33":1,"34":2,"35":2,"36":2,"37":6,"38":6,"39":6,"40":15,"41":15,"42":6,"43":1},"f":{"0":21,"1":6,"2":8,"3":0,"4":9,"5":2,"6":2,"7":6},"b":{"0":[0,0],"1":[1,1]},"_coverageSchema":"1a1c01bbd47fc00a2c39e90264f33305004495a9","hash":"92166b52c3eefc1353688dd0aa3d10cc1052f509"}
}
