TN:
SF:linkedList-insertions.js
FN:4,(anonymous_0)
FN:11,(anonymous_1)
FN:27,(anonymous_2)
FN:38,(anonymous_3)
FN:51,(anonymous_4)
FN:61,(anonymous_5)
FN:80,(anonymous_6)
FN:95,(anonymous_7)
FNF:8
FNH:7
FNDA:21,(anonymous_0)
FNDA:6,(anonymous_1)
FNDA:8,(anonymous_2)
FNDA:0,(anonymous_3)
FNDA:9,(anonymous_4)
FNDA:2,(anonymous_5)
FNDA:2,(anonymous_6)
FNDA:6,(anonymous_7)
DA:5,21
DA:6,21
DA:12,6
DA:28,8
DA:29,8
DA:30,8
DA:31,8
DA:39,0
DA:40,0
DA:41,0
DA:42,0
DA:43,0
DA:45,0
DA:47,0
DA:52,9
DA:53,9
DA:54,8
DA:56,9
DA:57,9
DA:62,2
DA:63,2
DA:64,1
DA:65,1
DA:66,1
DA:69,1
DA:70,1
DA:71,1
DA:72,0
DA:73,0
DA:75,1
DA:76,1
DA:81,2
DA:82,2
DA:83,1
DA:85,2
DA:86,2
DA:87,2
DA:96,6
DA:97,6
DA:98,6
DA:99,15
DA:100,15
DA:102,6
DA:106,1
LF:44
LH:35
BRDA:42,0,0,0
BRDA:42,0,1,0
BRDA:63,1,0,1
BRDA:63,1,1,1
BRF:4
BRH:2
end_of_record
