<?xml version="1.0" encoding="UTF-8"?>
<coverage generated="1665611635127" clover="3.2.0">
  <project timestamp="1665611635127" name="All files">
    <metrics statements="49" coveredstatements="48" conditionals="20" coveredconditionals="18" methods="9" coveredmethods="9" elements="78" coveredelements="75" complexity="0" loc="49" ncloc="49" packages="1" files="1" classes="1"/>
    <file name="BST.js" path="/home/jacko7557/projects/401/data-stuctures-and-algorithms-401/Tree/BST.js">
      <metrics statements="49" coveredstatements="48" conditionals="20" coveredconditionals="18" methods="9" coveredmethods="9"/>
      <line num="5" count="24" type="stmt"/>
      <line num="6" count="24" type="stmt"/>
      <line num="7" count="24" type="stmt"/>
      <line num="13" count="8" type="stmt"/>
      <line num="17" count="7" type="cond" truecount="2" falsecount="0"/>
      <line num="18" count="4" type="stmt"/>
      <line num="21" count="3" type="stmt"/>
      <line num="23" count="3" type="stmt"/>
      <line num="25" count="3" type="stmt"/>
      <line num="29" count="21" type="cond" truecount="2" falsecount="0"/>
      <line num="30" count="12" type="stmt"/>
      <line num="33" count="9" type="stmt"/>
      <line num="35" count="9" type="stmt"/>
      <line num="37" count="9" type="stmt"/>
      <line num="41" count="24" type="cond" truecount="2" falsecount="0"/>
      <line num="42" count="13" type="stmt"/>
      <line num="45" count="11" type="stmt"/>
      <line num="47" count="11" type="stmt"/>
      <line num="49" count="11" type="stmt"/>
      <line num="53" count="1" type="stmt"/>
      <line num="54" count="1" type="stmt"/>
      <line num="55" count="1" type="stmt"/>
      <line num="56" count="1" type="stmt"/>
      <line num="57" count="8" type="stmt"/>
      <line num="58" count="8" type="cond" truecount="1" falsecount="1"/>
      <line num="59" count="0" type="stmt"/>
      <line num="62" count="1" type="stmt"/>
      <line num="70" count="8" type="stmt"/>
      <line num="74" count="24" type="stmt"/>
      <line num="75" count="24" type="stmt"/>
      <line num="76" count="24" type="cond" truecount="2" falsecount="0"/>
      <line num="77" count="7" type="stmt"/>
      <line num="79" count="24" type="stmt"/>
      <line num="80" count="24" type="cond" truecount="2" falsecount="0"/>
      <line num="81" count="11" type="cond" truecount="2" falsecount="0"/>
      <line num="82" count="2" type="stmt"/>
      <line num="85" count="9" type="stmt"/>
      <line num="86" count="9" type="stmt"/>
      <line num="89" count="13" type="cond" truecount="1" falsecount="1"/>
      <line num="90" count="13" type="cond" truecount="2" falsecount="0"/>
      <line num="91" count="5" type="stmt"/>
      <line num="94" count="8" type="stmt"/>
      <line num="95" count="8" type="stmt"/>
      <line num="102" count="2" type="stmt"/>
      <line num="103" count="2" type="stmt"/>
      <line num="104" count="2" type="cond" truecount="2" falsecount="0"/>
      <line num="105" count="1" type="stmt"/>
      <line num="106" count="1" type="stmt"/>
      <line num="111" count="1" type="stmt"/>
    </file>
  </project>
</coverage>
