<?xml version="1.0" encoding="UTF-8"?>
<coverage generated="1665614069336" clover="3.2.0">
  <project timestamp="1665614069336" name="All files">
    <metrics statements="85" coveredstatements="80" conditionals="32" coveredconditionals="27" methods="16" coveredmethods="15" elements="133" coveredelements="122" complexity="0" loc="85" ncloc="85" packages="1" files="2" classes="2"/>
    <file name="BST.js" path="/home/jacko7557/projects/401/data-stuctures-and-algorithms-401/Tree/BST.js">
      <metrics statements="63" coveredstatements="62" conditionals="24" coveredconditionals="22" methods="10" coveredmethods="10"/>
      <line num="3" count="1" type="stmt"/>
      <line num="7" count="30" type="stmt"/>
      <line num="8" count="30" type="stmt"/>
      <line num="9" count="30" type="stmt"/>
      <line num="15" count="9" type="stmt"/>
      <line num="19" count="7" type="cond" truecount="2" falsecount="0"/>
      <line num="20" count="4" type="stmt"/>
      <line num="23" count="3" type="stmt"/>
      <line num="25" count="3" type="stmt"/>
      <line num="27" count="3" type="stmt"/>
      <line num="31" count="21" type="cond" truecount="2" falsecount="0"/>
      <line num="32" count="12" type="stmt"/>
      <line num="35" count="9" type="stmt"/>
      <line num="37" count="9" type="stmt"/>
      <line num="39" count="9" type="stmt"/>
      <line num="43" count="24" type="cond" truecount="2" falsecount="0"/>
      <line num="44" count="13" type="stmt"/>
      <line num="47" count="11" type="stmt"/>
      <line num="49" count="11" type="stmt"/>
      <line num="51" count="11" type="stmt"/>
      <line num="55" count="1" type="stmt"/>
      <line num="56" count="1" type="stmt"/>
      <line num="57" count="1" type="stmt"/>
      <line num="58" count="1" type="stmt"/>
      <line num="59" count="8" type="stmt"/>
      <line num="60" count="8" type="cond" truecount="1" falsecount="1"/>
      <line num="61" count="0" type="stmt"/>
      <line num="64" count="1" type="stmt"/>
      <line num="68" count="1" type="stmt"/>
      <line num="69" count="1" type="stmt"/>
      <line num="70" count="1" type="stmt"/>
      <line num="71" count="1" type="stmt"/>
      <line num="72" count="1" type="stmt"/>
      <line num="73" count="6" type="stmt"/>
      <line num="74" count="6" type="stmt"/>
      <line num="75" count="6" type="stmt"/>
      <line num="76" count="6" type="cond" truecount="2" falsecount="0"/>
      <line num="77" count="2" type="stmt"/>
      <line num="79" count="6" type="cond" truecount="2" falsecount="0"/>
      <line num="80" count="3" type="stmt"/>
      <line num="83" count="1" type="stmt"/>
      <line num="91" count="9" type="stmt"/>
      <line num="95" count="30" type="stmt"/>
      <line num="96" count="30" type="stmt"/>
      <line num="97" count="30" type="cond" truecount="2" falsecount="0"/>
      <line num="98" count="8" type="stmt"/>
      <line num="100" count="30" type="stmt"/>
      <line num="101" count="32" type="cond" truecount="2" falsecount="0"/>
      <line num="102" count="14" type="cond" truecount="2" falsecount="0"/>
      <line num="103" count="3" type="stmt"/>
      <line num="106" count="11" type="stmt"/>
      <line num="107" count="11" type="stmt"/>
      <line num="110" count="18" type="cond" truecount="1" falsecount="1"/>
      <line num="111" count="18" type="cond" truecount="2" falsecount="0"/>
      <line num="112" count="7" type="stmt"/>
      <line num="115" count="11" type="stmt"/>
      <line num="116" count="11" type="stmt"/>
      <line num="123" count="2" type="stmt"/>
      <line num="124" count="2" type="stmt"/>
      <line num="125" count="2" type="cond" truecount="2" falsecount="0"/>
      <line num="126" count="1" type="stmt"/>
      <line num="127" count="1" type="stmt"/>
      <line num="132" count="1" type="stmt"/>
    </file>
    <file name="queue.js" path="/home/jacko7557/projects/401/data-stuctures-and-algorithms-401/Tree/queue.js">
      <metrics statements="22" coveredstatements="18" conditionals="8" coveredconditionals="5" methods="6" coveredmethods="5"/>
      <line num="5" count="6" type="stmt"/>
      <line num="6" count="6" type="stmt"/>
      <line num="12" count="1" type="stmt"/>
      <line num="13" count="1" type="stmt"/>
      <line num="20" count="6" type="stmt"/>
      <line num="21" count="6" type="cond" truecount="2" falsecount="0"/>
      <line num="22" count="2" type="stmt"/>
      <line num="23" count="2" type="stmt"/>
      <line num="25" count="4" type="stmt"/>
      <line num="26" count="4" type="stmt"/>
      <line num="35" count="6" type="cond" truecount="1" falsecount="1"/>
      <line num="36" count="0" type="stmt"/>
      <line num="38" count="6" type="stmt"/>
      <line num="39" count="6" type="stmt"/>
      <line num="40" count="6" type="stmt"/>
      <line num="47" count="0" type="cond" truecount="0" falsecount="2"/>
      <line num="48" count="0" type="stmt"/>
      <line num="50" count="0" type="stmt"/>
      <line num="56" count="19" type="cond" truecount="2" falsecount="0"/>
      <line num="57" count="16" type="stmt"/>
      <line num="59" count="3" type="stmt"/>
      <line num="65" count="1" type="stmt"/>
    </file>
  </project>
</coverage>
