{"/home/jacko7557/projects/401/data-stuctures-and-algorithms-401/Tree/BST.js": {"path":"/home/jacko7557/projects/401/data-stuctures-and-algorithms-401/Tree/BST.js","statementMap":{"0":{"start":{"line":5,"column":4},"end":{"line":5,"column":23}},"1":{"start":{"line":6,"column":4},"end":{"line":6,"column":21}},"2":{"start":{"line":7,"column":4},"end":{"line":7,"column":22}},"3":{"start":{"line":13,"column":4},"end":{"line":13,"column":21}},"4":{"start":{"line":17,"column":4},"end":{"line":19,"column":5}},"5":{"start":{"line":18,"column":6},"end":{"line":18,"column":13}},"6":{"start":{"line":21,"column":4},"end":{"line":21,"column":31}},"7":{"start":{"line":23,"column":4},"end":{"line":23,"column":34}},"8":{"start":{"line":25,"column":4},"end":{"line":25,"column":35}},"9":{"start":{"line":29,"column":4},"end":{"line":31,"column":5}},"10":{"start":{"line":30,"column":6},"end":{"line":30,"column":13}},"11":{"start":{"line":33,"column":4},"end":{"line":33,"column":33}},"12":{"start":{"line":35,"column":4},"end":{"line":35,"column":31}},"13":{"start":{"line":37,"column":4},"end":{"line":37,"column":34}},"14":{"start":{"line":41,"column":4},"end":{"line":43,"column":5}},"15":{"start":{"line":42,"column":6},"end":{"line":42,"column":13}},"16":{"start":{"line":45,"column":4},"end":{"line":45,"column":36}},"17":{"start":{"line":47,"column":4},"end":{"line":47,"column":25}},"18":{"start":{"line":49,"column":4},"end":{"line":49,"column":35}},"19":{"start":{"line":53,"column":14},"end":{"line":53,"column":16}},"20":{"start":{"line":54,"column":4},"end":{"line":54,"column":35}},"21":{"start":{"line":55,"column":14},"end":{"line":55,"column":20}},"22":{"start":{"line":56,"column":4},"end":{"line":61,"column":5}},"23":{"start":{"line":57,"column":6},"end":{"line":57,"column":21}},"24":{"start":{"line":58,"column":6},"end":{"line":60,"column":7}},"25":{"start":{"line":59,"column":8},"end":{"line":59,"column":21}},"26":{"start":{"line":62,"column":4},"end":{"line":62,"column":15}},"27":{"start":{"line":70,"column":4},"end":{"line":70,"column":12}},"28":{"start":{"line":74,"column":20},"end":{"line":74,"column":35}},"29":{"start":{"line":75,"column":18},"end":{"line":75,"column":27}},"30":{"start":{"line":76,"column":4},"end":{"line":78,"column":5}},"31":{"start":{"line":77,"column":6},"end":{"line":77,"column":28}},"32":{"start":{"line":79,"column":4},"end":{"line":98,"column":5}},"33":{"start":{"line":80,"column":6},"end":{"line":97,"column":7}},"34":{"start":{"line":81,"column":8},"end":{"line":87,"column":9}},"35":{"start":{"line":82,"column":10},"end":{"line":82,"column":33}},"36":{"start":{"line":85,"column":10},"end":{"line":85,"column":35}},"37":{"start":{"line":86,"column":10},"end":{"line":86,"column":16}},"38":{"start":{"line":89,"column":11},"end":{"line":97,"column":7}},"39":{"start":{"line":90,"column":8},"end":{"line":96,"column":9}},"40":{"start":{"line":91,"column":10},"end":{"line":91,"column":34}},"41":{"start":{"line":94,"column":10},"end":{"line":94,"column":36}},"42":{"start":{"line":95,"column":10},"end":{"line":95,"column":16}},"43":{"start":{"line":102,"column":14},"end":{"line":102,"column":16}},"44":{"start":{"line":103,"column":4},"end":{"line":103,"column":33}},"45":{"start":{"line":104,"column":4},"end":{"line":106,"column":24}},"46":{"start":{"line":105,"column":6},"end":{"line":105,"column":18}},"47":{"start":{"line":106,"column":11},"end":{"line":106,"column":24}},"48":{"start":{"line":111,"column":0},"end":{"line":111,"column":34}}},"fnMap":{"0":{"name":"(anonymous_0)","decl":{"start":{"line":4,"column":2},"end":{"line":4,"column":3}},"loc":{"start":{"line":4,"column":21},"end":{"line":8,"column":3}},"line":4},"1":{"name":"(anonymous_1)","decl":{"start":{"line":12,"column":2},"end":{"line":12,"column":3}},"loc":{"start":{"line":12,"column":16},"end":{"line":14,"column":3}},"line":12},"2":{"name":"(anonymous_2)","decl":{"start":{"line":16,"column":2},"end":{"line":16,"column":3}},"loc":{"start":{"line":16,"column":22},"end":{"line":26,"column":3}},"line":16},"3":{"name":"(anonymous_3)","decl":{"start":{"line":28,"column":2},"end":{"line":28,"column":3}},"loc":{"start":{"line":28,"column":21},"end":{"line":38,"column":3}},"line":28},"4":{"name":"(anonymous_4)","decl":{"start":{"line":40,"column":2},"end":{"line":40,"column":3}},"loc":{"start":{"line":40,"column":23},"end":{"line":50,"column":3}},"line":40},"5":{"name":"(anonymous_5)","decl":{"start":{"line":52,"column":2},"end":{"line":52,"column":3}},"loc":{"start":{"line":52,"column":10},"end":{"line":63,"column":3}},"line":52},"6":{"name":"(anonymous_6)","decl":{"start":{"line":69,"column":2},"end":{"line":69,"column":3}},"loc":{"start":{"line":69,"column":16},"end":{"line":71,"column":3}},"line":69},"7":{"name":"(anonymous_7)","decl":{"start":{"line":73,"column":2},"end":{"line":73,"column":3}},"loc":{"start":{"line":73,"column":13},"end":{"line":99,"column":3}},"line":73},"8":{"name":"(anonymous_8)","decl":{"start":{"line":101,"column":2},"end":{"line":101,"column":3}},"loc":{"start":{"line":101,"column":18},"end":{"line":107,"column":3}},"line":101}},"branchMap":{"0":{"loc":{"start":{"line":17,"column":4},"end":{"line":19,"column":5}},"type":"if","locations":[{"start":{"line":17,"column":4},"end":{"line":19,"column":5}},{"start":{},"end":{}}],"line":17},"1":{"loc":{"start":{"line":29,"column":4},"end":{"line":31,"column":5}},"type":"if","locations":[{"start":{"line":29,"column":4},"end":{"line":31,"column":5}},{"start":{},"end":{}}],"line":29},"2":{"loc":{"start":{"line":41,"column":4},"end":{"line":43,"column":5}},"type":"if","locations":[{"start":{"line":41,"column":4},"end":{"line":43,"column":5}},{"start":{},"end":{}}],"line":41},"3":{"loc":{"start":{"line":58,"column":6},"end":{"line":60,"column":7}},"type":"if","locations":[{"start":{"line":58,"column":6},"end":{"line":60,"column":7}},{"start":{},"end":{}}],"line":58},"4":{"loc":{"start":{"line":76,"column":4},"end":{"line":78,"column":5}},"type":"if","locations":[{"start":{"line":76,"column":4},"end":{"line":78,"column":5}},{"start":{},"end":{}}],"line":76},"5":{"loc":{"start":{"line":80,"column":6},"end":{"line":97,"column":7}},"type":"if","locations":[{"start":{"line":80,"column":6},"end":{"line":97,"column":7}},{"start":{"line":89,"column":11},"end":{"line":97,"column":7}}],"line":80},"6":{"loc":{"start":{"line":81,"column":8},"end":{"line":87,"column":9}},"type":"if","locations":[{"start":{"line":81,"column":8},"end":{"line":87,"column":9}},{"start":{"line":84,"column":13},"end":{"line":87,"column":9}}],"line":81},"7":{"loc":{"start":{"line":89,"column":11},"end":{"line":97,"column":7}},"type":"if","locations":[{"start":{"line":89,"column":11},"end":{"line":97,"column":7}},{"start":{},"end":{}}],"line":89},"8":{"loc":{"start":{"line":90,"column":8},"end":{"line":96,"column":9}},"type":"if","locations":[{"start":{"line":90,"column":8},"end":{"line":96,"column":9}},{"start":{"line":93,"column":13},"end":{"line":96,"column":9}}],"line":90},"9":{"loc":{"start":{"line":104,"column":4},"end":{"line":106,"column":24}},"type":"if","locations":[{"start":{"line":104,"column":4},"end":{"line":106,"column":24}},{"start":{"line":106,"column":11},"end":{"line":106,"column":24}}],"line":104}},"s":{"0":24,"1":24,"2":24,"3":8,"4":7,"5":4,"6":3,"7":3,"8":3,"9":21,"10":12,"11":9,"12":9,"13":9,"14":24,"15":13,"16":11,"17":11,"18":11,"19":1,"20":1,"21":1,"22":1,"23":8,"24":8,"25":0,"26":1,"27":8,"28":24,"29":24,"30":24,"31":7,"32":24,"33":24,"34":11,"35":2,"36":9,"37":9,"38":13,"39":13,"40":5,"41":8,"42":8,"43":2,"44":2,"45":2,"46":1,"47":1,"48":1},"f":{"0":24,"1":8,"2":7,"3":21,"4":24,"5":1,"6":8,"7":24,"8":2},"b":{"0":[4,3],"1":[12,9],"2":[13,11],"3":[0,8],"4":[7,17],"5":[11,13],"6":[2,9],"7":[13,0],"8":[5,8],"9":[1,1]},"_coverageSchema":"1a1c01bbd47fc00a2c39e90264f33305004495a9","hash":"9da1c3c1d68b01035429838b1284ea6943daf39f"}
}
