{"/home/jacko7557/projects/401/data-stuctures-and-algorithms-401/Tree/BST.js": {"path":"/home/jacko7557/projects/401/data-stuctures-and-algorithms-401/Tree/BST.js","statementMap":{"0":{"start":{"line":3,"column":12},"end":{"line":3,"column":33}},"1":{"start":{"line":7,"column":4},"end":{"line":7,"column":23}},"2":{"start":{"line":8,"column":4},"end":{"line":8,"column":21}},"3":{"start":{"line":9,"column":4},"end":{"line":9,"column":22}},"4":{"start":{"line":15,"column":4},"end":{"line":15,"column":21}},"5":{"start":{"line":19,"column":4},"end":{"line":21,"column":5}},"6":{"start":{"line":20,"column":6},"end":{"line":20,"column":13}},"7":{"start":{"line":23,"column":4},"end":{"line":23,"column":31}},"8":{"start":{"line":25,"column":4},"end":{"line":25,"column":34}},"9":{"start":{"line":27,"column":4},"end":{"line":27,"column":35}},"10":{"start":{"line":31,"column":4},"end":{"line":33,"column":5}},"11":{"start":{"line":32,"column":6},"end":{"line":32,"column":13}},"12":{"start":{"line":35,"column":4},"end":{"line":35,"column":33}},"13":{"start":{"line":37,"column":4},"end":{"line":37,"column":31}},"14":{"start":{"line":39,"column":4},"end":{"line":39,"column":34}},"15":{"start":{"line":43,"column":4},"end":{"line":45,"column":5}},"16":{"start":{"line":44,"column":6},"end":{"line":44,"column":13}},"17":{"start":{"line":47,"column":4},"end":{"line":47,"column":36}},"18":{"start":{"line":49,"column":4},"end":{"line":49,"column":25}},"19":{"start":{"line":51,"column":4},"end":{"line":51,"column":35}},"20":{"start":{"line":55,"column":14},"end":{"line":55,"column":16}},"21":{"start":{"line":56,"column":4},"end":{"line":56,"column":35}},"22":{"start":{"line":57,"column":14},"end":{"line":57,"column":20}},"23":{"start":{"line":58,"column":4},"end":{"line":63,"column":5}},"24":{"start":{"line":59,"column":6},"end":{"line":59,"column":21}},"25":{"start":{"line":60,"column":6},"end":{"line":62,"column":7}},"26":{"start":{"line":61,"column":8},"end":{"line":61,"column":21}},"27":{"start":{"line":64,"column":4},"end":{"line":64,"column":15}},"28":{"start":{"line":68,"column":14},"end":{"line":68,"column":16}},"29":{"start":{"line":69,"column":18},"end":{"line":69,"column":27}},"30":{"start":{"line":70,"column":16},"end":{"line":70,"column":27}},"31":{"start":{"line":71,"column":4},"end":{"line":71,"column":26}},"32":{"start":{"line":72,"column":6},"end":{"line":82,"column":7}},"33":{"start":{"line":73,"column":22},"end":{"line":73,"column":37}},"34":{"start":{"line":74,"column":8},"end":{"line":74,"column":57}},"35":{"start":{"line":75,"column":8},"end":{"line":75,"column":32}},"36":{"start":{"line":76,"column":8},"end":{"line":78,"column":9}},"37":{"start":{"line":77,"column":10},"end":{"line":77,"column":38}},"38":{"start":{"line":79,"column":8},"end":{"line":81,"column":9}},"39":{"start":{"line":80,"column":10},"end":{"line":80,"column":39}},"40":{"start":{"line":83,"column":4},"end":{"line":83,"column":15}},"41":{"start":{"line":91,"column":4},"end":{"line":91,"column":12}},"42":{"start":{"line":95,"column":20},"end":{"line":95,"column":35}},"43":{"start":{"line":96,"column":18},"end":{"line":96,"column":27}},"44":{"start":{"line":97,"column":4},"end":{"line":99,"column":5}},"45":{"start":{"line":98,"column":6},"end":{"line":98,"column":28}},"46":{"start":{"line":100,"column":4},"end":{"line":119,"column":5}},"47":{"start":{"line":101,"column":6},"end":{"line":118,"column":7}},"48":{"start":{"line":102,"column":8},"end":{"line":108,"column":9}},"49":{"start":{"line":103,"column":10},"end":{"line":103,"column":33}},"50":{"start":{"line":106,"column":10},"end":{"line":106,"column":35}},"51":{"start":{"line":107,"column":10},"end":{"line":107,"column":16}},"52":{"start":{"line":110,"column":11},"end":{"line":118,"column":7}},"53":{"start":{"line":111,"column":8},"end":{"line":117,"column":9}},"54":{"start":{"line":112,"column":10},"end":{"line":112,"column":34}},"55":{"start":{"line":115,"column":10},"end":{"line":115,"column":36}},"56":{"start":{"line":116,"column":10},"end":{"line":116,"column":16}},"57":{"start":{"line":123,"column":14},"end":{"line":123,"column":16}},"58":{"start":{"line":124,"column":4},"end":{"line":124,"column":33}},"59":{"start":{"line":125,"column":4},"end":{"line":127,"column":24}},"60":{"start":{"line":126,"column":6},"end":{"line":126,"column":18}},"61":{"start":{"line":127,"column":11},"end":{"line":127,"column":24}},"62":{"start":{"line":132,"column":0},"end":{"line":132,"column":34}}},"fnMap":{"0":{"name":"(anonymous_0)","decl":{"start":{"line":6,"column":2},"end":{"line":6,"column":3}},"loc":{"start":{"line":6,"column":21},"end":{"line":10,"column":3}},"line":6},"1":{"name":"(anonymous_1)","decl":{"start":{"line":14,"column":2},"end":{"line":14,"column":3}},"loc":{"start":{"line":14,"column":16},"end":{"line":16,"column":3}},"line":14},"2":{"name":"(anonymous_2)","decl":{"start":{"line":18,"column":2},"end":{"line":18,"column":3}},"loc":{"start":{"line":18,"column":22},"end":{"line":28,"column":3}},"line":18},"3":{"name":"(anonymous_3)","decl":{"start":{"line":30,"column":2},"end":{"line":30,"column":3}},"loc":{"start":{"line":30,"column":21},"end":{"line":40,"column":3}},"line":30},"4":{"name":"(anonymous_4)","decl":{"start":{"line":42,"column":2},"end":{"line":42,"column":3}},"loc":{"start":{"line":42,"column":23},"end":{"line":52,"column":3}},"line":42},"5":{"name":"(anonymous_5)","decl":{"start":{"line":54,"column":2},"end":{"line":54,"column":3}},"loc":{"start":{"line":54,"column":10},"end":{"line":65,"column":3}},"line":54},"6":{"name":"(anonymous_6)","decl":{"start":{"line":67,"column":2},"end":{"line":67,"column":3}},"loc":{"start":{"line":67,"column":16},"end":{"line":84,"column":3}},"line":67},"7":{"name":"(anonymous_7)","decl":{"start":{"line":90,"column":2},"end":{"line":90,"column":3}},"loc":{"start":{"line":90,"column":16},"end":{"line":92,"column":3}},"line":90},"8":{"name":"(anonymous_8)","decl":{"start":{"line":94,"column":2},"end":{"line":94,"column":3}},"loc":{"start":{"line":94,"column":13},"end":{"line":120,"column":3}},"line":94},"9":{"name":"(anonymous_9)","decl":{"start":{"line":122,"column":2},"end":{"line":122,"column":3}},"loc":{"start":{"line":122,"column":18},"end":{"line":128,"column":3}},"line":122}},"branchMap":{"0":{"loc":{"start":{"line":19,"column":4},"end":{"line":21,"column":5}},"type":"if","locations":[{"start":{"line":19,"column":4},"end":{"line":21,"column":5}},{"start":{},"end":{}}],"line":19},"1":{"loc":{"start":{"line":31,"column":4},"end":{"line":33,"column":5}},"type":"if","locations":[{"start":{"line":31,"column":4},"end":{"line":33,"column":5}},{"start":{},"end":{}}],"line":31},"2":{"loc":{"start":{"line":43,"column":4},"end":{"line":45,"column":5}},"type":"if","locations":[{"start":{"line":43,"column":4},"end":{"line":45,"column":5}},{"start":{},"end":{}}],"line":43},"3":{"loc":{"start":{"line":60,"column":6},"end":{"line":62,"column":7}},"type":"if","locations":[{"start":{"line":60,"column":6},"end":{"line":62,"column":7}},{"start":{},"end":{}}],"line":60},"4":{"loc":{"start":{"line":76,"column":8},"end":{"line":78,"column":9}},"type":"if","locations":[{"start":{"line":76,"column":8},"end":{"line":78,"column":9}},{"start":{},"end":{}}],"line":76},"5":{"loc":{"start":{"line":79,"column":8},"end":{"line":81,"column":9}},"type":"if","locations":[{"start":{"line":79,"column":8},"end":{"line":81,"column":9}},{"start":{},"end":{}}],"line":79},"6":{"loc":{"start":{"line":97,"column":4},"end":{"line":99,"column":5}},"type":"if","locations":[{"start":{"line":97,"column":4},"end":{"line":99,"column":5}},{"start":{},"end":{}}],"line":97},"7":{"loc":{"start":{"line":101,"column":6},"end":{"line":118,"column":7}},"type":"if","locations":[{"start":{"line":101,"column":6},"end":{"line":118,"column":7}},{"start":{"line":110,"column":11},"end":{"line":118,"column":7}}],"line":101},"8":{"loc":{"start":{"line":102,"column":8},"end":{"line":108,"column":9}},"type":"if","locations":[{"start":{"line":102,"column":8},"end":{"line":108,"column":9}},{"start":{"line":105,"column":13},"end":{"line":108,"column":9}}],"line":102},"9":{"loc":{"start":{"line":110,"column":11},"end":{"line":118,"column":7}},"type":"if","locations":[{"start":{"line":110,"column":11},"end":{"line":118,"column":7}},{"start":{},"end":{}}],"line":110},"10":{"loc":{"start":{"line":111,"column":8},"end":{"line":117,"column":9}},"type":"if","locations":[{"start":{"line":111,"column":8},"end":{"line":117,"column":9}},{"start":{"line":114,"column":13},"end":{"line":117,"column":9}}],"line":111},"11":{"loc":{"start":{"line":125,"column":4},"end":{"line":127,"column":24}},"type":"if","locations":[{"start":{"line":125,"column":4},"end":{"line":127,"column":24}},{"start":{"line":127,"column":11},"end":{"line":127,"column":24}}],"line":125}},"s":{"0":1,"1":30,"2":30,"3":30,"4":9,"5":7,"6":4,"7":3,"8":3,"9":3,"10":21,"11":12,"12":9,"13":9,"14":9,"15":24,"16":13,"17":11,"18":11,"19":11,"20":1,"21":1,"22":1,"23":1,"24":8,"25":8,"26":0,"27":1,"28":1,"29":1,"30":1,"31":1,"32":1,"33":6,"34":6,"35":6,"36":6,"37":2,"38":6,"39":3,"40":1,"41":9,"42":30,"43":30,"44":30,"45":8,"46":30,"47":32,"48":14,"49":3,"50":11,"51":11,"52":18,"53":18,"54":7,"55":11,"56":11,"57":2,"58":2,"59":2,"60":1,"61":1,"62":1},"f":{"0":30,"1":9,"2":7,"3":21,"4":24,"5":1,"6":1,"7":9,"8":30,"9":2},"b":{"0":[4,3],"1":[12,9],"2":[13,11],"3":[0,8],"4":[2,4],"5":[3,3],"6":[8,22],"7":[14,18],"8":[3,11],"9":[18,0],"10":[7,11],"11":[1,1]},"_coverageSchema":"1a1c01bbd47fc00a2c39e90264f33305004495a9","hash":"3eef103e56bf58c2c840ebcbe5ad67001160c2a4"}
,"/home/jacko7557/projects/401/data-stuctures-and-algorithms-401/Tree/queue.js": {"path":"/home/jacko7557/projects/401/data-stuctures-and-algorithms-401/Tree/queue.js","statementMap":{"0":{"start":{"line":5,"column":4},"end":{"line":5,"column":23}},"1":{"start":{"line":6,"column":4},"end":{"line":6,"column":21}},"2":{"start":{"line":12,"column":4},"end":{"line":12,"column":22}},"3":{"start":{"line":13,"column":4},"end":{"line":13,"column":21}},"4":{"start":{"line":20,"column":15},"end":{"line":20,"column":30}},"5":{"start":{"line":21,"column":4},"end":{"line":27,"column":5}},"6":{"start":{"line":22,"column":6},"end":{"line":22,"column":24}},"7":{"start":{"line":23,"column":6},"end":{"line":23,"column":23}},"8":{"start":{"line":25,"column":6},"end":{"line":25,"column":28}},"9":{"start":{"line":26,"column":6},"end":{"line":26,"column":23}},"10":{"start":{"line":35,"column":4},"end":{"line":37,"column":5}},"11":{"start":{"line":36,"column":6},"end":{"line":36,"column":35}},"12":{"start":{"line":38,"column":15},"end":{"line":38,"column":25}},"13":{"start":{"line":39,"column":4},"end":{"line":39,"column":33}},"14":{"start":{"line":40,"column":4},"end":{"line":40,"column":22}},"15":{"start":{"line":47,"column":4},"end":{"line":49,"column":5}},"16":{"start":{"line":48,"column":6},"end":{"line":48,"column":35}},"17":{"start":{"line":50,"column":4},"end":{"line":50,"column":28}},"18":{"start":{"line":56,"column":4},"end":{"line":60,"column":5}},"19":{"start":{"line":57,"column":6},"end":{"line":57,"column":18}},"20":{"start":{"line":59,"column":6},"end":{"line":59,"column":18}},"21":{"start":{"line":65,"column":0},"end":{"line":65,"column":23}}},"fnMap":{"0":{"name":"(anonymous_0)","decl":{"start":{"line":4,"column":2},"end":{"line":4,"column":3}},"loc":{"start":{"line":4,"column":20},"end":{"line":7,"column":3}},"line":4},"1":{"name":"(anonymous_1)","decl":{"start":{"line":11,"column":2},"end":{"line":11,"column":3}},"loc":{"start":{"line":11,"column":16},"end":{"line":14,"column":3}},"line":11},"2":{"name":"(anonymous_2)","decl":{"start":{"line":19,"column":2},"end":{"line":19,"column":3}},"loc":{"start":{"line":19,"column":17},"end":{"line":28,"column":3}},"line":19},"3":{"name":"(anonymous_3)","decl":{"start":{"line":34,"column":2},"end":{"line":34,"column":3}},"loc":{"start":{"line":34,"column":12},"end":{"line":41,"column":3}},"line":34},"4":{"name":"(anonymous_4)","decl":{"start":{"line":46,"column":2},"end":{"line":46,"column":3}},"loc":{"start":{"line":46,"column":9},"end":{"line":51,"column":3}},"line":46},"5":{"name":"(anonymous_5)","decl":{"start":{"line":55,"column":2},"end":{"line":55,"column":3}},"loc":{"start":{"line":55,"column":11},"end":{"line":61,"column":3}},"line":55}},"branchMap":{"0":{"loc":{"start":{"line":21,"column":4},"end":{"line":27,"column":5}},"type":"if","locations":[{"start":{"line":21,"column":4},"end":{"line":27,"column":5}},{"start":{"line":24,"column":11},"end":{"line":27,"column":5}}],"line":21},"1":{"loc":{"start":{"line":35,"column":4},"end":{"line":37,"column":5}},"type":"if","locations":[{"start":{"line":35,"column":4},"end":{"line":37,"column":5}},{"start":{},"end":{}}],"line":35},"2":{"loc":{"start":{"line":47,"column":4},"end":{"line":49,"column":5}},"type":"if","locations":[{"start":{"line":47,"column":4},"end":{"line":49,"column":5}},{"start":{},"end":{}}],"line":47},"3":{"loc":{"start":{"line":56,"column":4},"end":{"line":60,"column":5}},"type":"if","locations":[{"start":{"line":56,"column":4},"end":{"line":60,"column":5}},{"start":{"line":58,"column":11},"end":{"line":60,"column":5}}],"line":56}},"s":{"0":6,"1":6,"2":1,"3":1,"4":6,"5":6,"6":2,"7":2,"8":4,"9":4,"10":6,"11":0,"12":6,"13":6,"14":6,"15":0,"16":0,"17":0,"18":19,"19":16,"20":3,"21":1},"f":{"0":6,"1":1,"2":6,"3":6,"4":0,"5":19},"b":{"0":[2,4],"1":[0,6],"2":[0,0],"3":[16,3]},"_coverageSchema":"1a1c01bbd47fc00a2c39e90264f33305004495a9","hash":"126c23788129dc24468b48fc7c61fe6b574ec674"}
}
