TN:
SF:BST.js
FN:4,(anonymous_0)
FN:12,(anonymous_1)
FN:16,(anonymous_2)
FN:28,(anonymous_3)
FN:40,(anonymous_4)
FN:52,(anonymous_5)
FN:69,(anonymous_6)
FN:73,(anonymous_7)
FN:101,(anonymous_8)
FNF:9
FNH:9
FNDA:24,(anonymous_0)
FNDA:8,(anonymous_1)
FNDA:7,(anonymous_2)
FNDA:21,(anonymous_3)
FNDA:24,(anonymous_4)
FNDA:1,(anonymous_5)
FNDA:8,(anonymous_6)
FNDA:24,(anonymous_7)
FNDA:2,(anonymous_8)
DA:5,24
DA:6,24
DA:7,24
DA:13,8
DA:17,7
DA:18,4
DA:21,3
DA:23,3
DA:25,3
DA:29,21
DA:30,12
DA:33,9
DA:35,9
DA:37,9
DA:41,24
DA:42,13
DA:45,11
DA:47,11
DA:49,11
DA:53,1
DA:54,1
DA:55,1
DA:56,1
DA:57,8
DA:58,8
DA:59,0
DA:62,1
DA:70,8
DA:74,24
DA:75,24
DA:76,24
DA:77,7
DA:79,24
DA:80,24
DA:81,11
DA:82,2
DA:85,9
DA:86,9
DA:89,13
DA:90,13
DA:91,5
DA:94,8
DA:95,8
DA:102,2
DA:103,2
DA:104,2
DA:105,1
DA:106,1
DA:111,1
LF:49
LH:48
BRDA:17,0,0,4
BRDA:17,0,1,3
BRDA:29,1,0,12
BRDA:29,1,1,9
BRDA:41,2,0,13
BRDA:41,2,1,11
BRDA:58,3,0,0
BRDA:58,3,1,8
BRDA:76,4,0,7
BRDA:76,4,1,17
BRDA:80,5,0,11
BRDA:80,5,1,13
BRDA:81,6,0,2
BRDA:81,6,1,9
BRDA:89,7,0,13
BRDA:89,7,1,0
BRDA:90,8,0,5
BRDA:90,8,1,8
BRDA:104,9,0,1
BRDA:104,9,1,1
BRF:20
BRH:18
end_of_record
