TN:
SF:BST.js
FN:6,(anonymous_0)
FN:14,(anonymous_1)
FN:18,(anonymous_2)
FN:30,(anonymous_3)
FN:42,(anonymous_4)
FN:54,(anonymous_5)
FN:67,(anonymous_6)
FN:90,(anonymous_7)
FN:94,(anonymous_8)
FN:122,(anonymous_9)
FNF:10
FNH:10
FNDA:30,(anonymous_0)
FNDA:9,(anonymous_1)
FNDA:7,(anonymous_2)
FNDA:21,(anonymous_3)
FNDA:24,(anonymous_4)
FNDA:1,(anonymous_5)
FNDA:1,(anonymous_6)
FNDA:9,(anonymous_7)
FNDA:30,(anonymous_8)
FNDA:2,(anonymous_9)
DA:3,1
DA:7,30
DA:8,30
DA:9,30
DA:15,9
DA:19,7
DA:20,4
DA:23,3
DA:25,3
DA:27,3
DA:31,21
DA:32,12
DA:35,9
DA:37,9
DA:39,9
DA:43,24
DA:44,13
DA:47,11
DA:49,11
DA:51,11
DA:55,1
DA:56,1
DA:57,1
DA:58,1
DA:59,8
DA:60,8
DA:61,0
DA:64,1
DA:68,1
DA:69,1
DA:70,1
DA:71,1
DA:72,1
DA:73,6
DA:74,6
DA:75,6
DA:76,6
DA:77,2
DA:79,6
DA:80,3
DA:83,1
DA:91,9
DA:95,30
DA:96,30
DA:97,30
DA:98,8
DA:100,30
DA:101,32
DA:102,14
DA:103,3
DA:106,11
DA:107,11
DA:110,18
DA:111,18
DA:112,7
DA:115,11
DA:116,11
DA:123,2
DA:124,2
DA:125,2
DA:126,1
DA:127,1
DA:132,1
LF:63
LH:62
BRDA:19,0,0,4
BRDA:19,0,1,3
BRDA:31,1,0,12
BRDA:31,1,1,9
BRDA:43,2,0,13
BRDA:43,2,1,11
BRDA:60,3,0,0
BRDA:60,3,1,8
BRDA:76,4,0,2
BRDA:76,4,1,4
BRDA:79,5,0,3
BRDA:79,5,1,3
BRDA:97,6,0,8
BRDA:97,6,1,22
BRDA:101,7,0,14
BRDA:101,7,1,18
BRDA:102,8,0,3
BRDA:102,8,1,11
BRDA:110,9,0,18
BRDA:110,9,1,0
BRDA:111,10,0,7
BRDA:111,10,1,11
BRDA:125,11,0,1
BRDA:125,11,1,1
BRF:24
BRH:22
end_of_record
TN:
SF:queue.js
FN:4,(anonymous_0)
FN:11,(anonymous_1)
FN:19,(anonymous_2)
FN:34,(anonymous_3)
FN:46,(anonymous_4)
FN:55,(anonymous_5)
FNF:6
FNH:5
FNDA:6,(anonymous_0)
FNDA:1,(anonymous_1)
FNDA:6,(anonymous_2)
FNDA:6,(anonymous_3)
FNDA:0,(anonymous_4)
FNDA:19,(anonymous_5)
DA:5,6
DA:6,6
DA:12,1
DA:13,1
DA:20,6
DA:21,6
DA:22,2
DA:23,2
DA:25,4
DA:26,4
DA:35,6
DA:36,0
DA:38,6
DA:39,6
DA:40,6
DA:47,0
DA:48,0
DA:50,0
DA:56,19
DA:57,16
DA:59,3
DA:65,1
LF:22
LH:18
BRDA:21,0,0,2
BRDA:21,0,1,4
BRDA:35,1,0,0
BRDA:35,1,1,6
BRDA:47,2,0,0
BRDA:47,2,1,0
BRDA:56,3,0,16
BRDA:56,3,1,3
BRF:8
BRH:5
end_of_record
